2013-04-23 11:10:44,188 [      main] INFO  yote.http11.Http11BaseProtocol  - Initializing Coyote HTTP/1.1 on http-8080
2013-04-23 11:10:44,190 [      main] INFO  ache.catalina.startup.Catalina  - Initialization processed in 569 ms
2013-04-23 11:10:44,222 [      main] INFO  .catalina.core.StandardService  - Starting service Catalina
2013-04-23 11:10:44,225 [      main] INFO  e.catalina.core.StandardEngine  - Starting Servlet Engine: Apache Tomcat/5.5.26
2013-04-23 11:10:44,339 [      main] INFO  che.catalina.core.StandardHost  - XML validation disabled
2013-04-23 11:10:49,393 [      main] INFO  yote.http11.Http11BaseProtocol  - Starting Coyote HTTP/1.1 on http-8080
2013-04-23 11:10:49,545 [      main] INFO  ache.catalina.startup.Catalina  - Server startup in 5355 ms
2013-04-23 13:24:25,437 [      main] ERROR yote.http11.Http11BaseProtocol  - Error initializing endpoint
java.net.BindException: Address already in use:8080
	at org.apache.tomcat.util.net.PoolTcpEndpoint.initEndpoint(PoolTcpEndpoint.java:298)
	at org.apache.coyote.http11.Http11BaseProtocol.init(Http11BaseProtocol.java:139)
	at org.apache.catalina.connector.Connector.initialize(Connector.java:1017)
	at org.apache.catalina.core.StandardService.initialize(StandardService.java:578)
	at org.apache.catalina.core.StandardServer.initialize(StandardServer.java:782)
	at org.apache.catalina.startup.Catalina.load(Catalina.java:504)
	at org.apache.catalina.startup.Catalina.load(Catalina.java:524)
	at sun.reflect.NativeMethodAccessorImpl.invoke0(Native Method)
	at sun.reflect.NativeMethodAccessorImpl.invoke(NativeMethodAccessorImpl.java:39)
	at sun.reflect.DelegatingMethodAccessorImpl.invoke(DelegatingMethodAccessorImpl.java:25)
	at java.lang.reflect.Method.invoke(Method.java:592)
	at org.apache.catalina.startup.Bootstrap.load(Bootstrap.java:267)
	at org.apache.catalina.startup.Bootstrap.main(Bootstrap.java:432)
2013-04-23 13:24:25,440 [      main] ERROR ache.catalina.startup.Catalina  - Catalina.start
LifecycleException:  Protocol handler initialization failed: java.net.BindException: Address already in use:8080
	at org.apache.catalina.connector.Connector.initialize(Connector.java:1019)
	at org.apache.catalina.core.StandardService.initialize(StandardService.java:578)
	at org.apache.catalina.core.StandardServer.initialize(StandardServer.java:782)
	at org.apache.catalina.startup.Catalina.load(Catalina.java:504)
	at org.apache.catalina.startup.Catalina.load(Catalina.java:524)
	at sun.reflect.NativeMethodAccessorImpl.invoke0(Native Method)
	at sun.reflect.NativeMethodAccessorImpl.invoke(NativeMethodAccessorImpl.java:39)
	at sun.reflect.DelegatingMethodAccessorImpl.invoke(DelegatingMethodAccessorImpl.java:25)
	at java.lang.reflect.Method.invoke(Method.java:592)
	at org.apache.catalina.startup.Bootstrap.load(Bootstrap.java:267)
	at org.apache.catalina.startup.Bootstrap.main(Bootstrap.java:432)
2013-04-23 13:24:25,448 [      main] INFO  ache.catalina.startup.Catalina  - Initialization processed in 769 ms
2013-04-23 13:24:25,472 [      main] INFO  .catalina.core.StandardService  - Starting service Catalina
2013-04-23 13:24:25,492 [      main] INFO  e.catalina.core.StandardEngine  - Starting Servlet Engine: Apache Tomcat/5.5.26
2013-04-23 13:24:25,641 [      main] INFO  che.catalina.core.StandardHost  - XML validation disabled
2013-04-23 13:24:33,044 [      main] ERROR yote.http11.Http11BaseProtocol  - Error starting endpoint
java.net.BindException: Address already in use:8080
	at org.apache.tomcat.util.net.PoolTcpEndpoint.initEndpoint(PoolTcpEndpoint.java:298)
	at org.apache.tomcat.util.net.PoolTcpEndpoint.startEndpoint(PoolTcpEndpoint.java:313)
	at org.apache.coyote.http11.Http11BaseProtocol.start(Http11BaseProtocol.java:151)
	at org.apache.coyote.http11.Http11Protocol.start(Http11Protocol.java:76)
	at org.apache.catalina.connector.Connector.start(Connector.java:1090)
	at org.apache.catalina.core.StandardService.start(StandardService.java:457)
	at org.apache.catalina.core.StandardServer.start(StandardServer.java:700)
	at org.apache.catalina.startup.Catalina.start(Catalina.java:552)
	at sun.reflect.NativeMethodAccessorImpl.invoke0(Native Method)
	at sun.reflect.NativeMethodAccessorImpl.invoke(NativeMethodAccessorImpl.java:39)
	at sun.reflect.DelegatingMethodAccessorImpl.invoke(DelegatingMethodAccessorImpl.java:25)
	at java.lang.reflect.Method.invoke(Method.java:592)
	at org.apache.catalina.startup.Bootstrap.start(Bootstrap.java:295)
	at org.apache.catalina.startup.Bootstrap.main(Bootstrap.java:433)
2013-04-23 13:24:33,052 [      main] ERROR ache.catalina.startup.Catalina  - Catalina.start: 
LifecycleException:  service.getName(): "Catalina";  Protocol handler start failed: java.net.BindException: Address already in use:8080
	at org.apache.catalina.connector.Connector.start(Connector.java:1097)
	at org.apache.catalina.core.StandardService.start(StandardService.java:457)
	at org.apache.catalina.core.StandardServer.start(StandardServer.java:700)
	at org.apache.catalina.startup.Catalina.start(Catalina.java:552)
	at sun.reflect.NativeMethodAccessorImpl.invoke0(Native Method)
	at sun.reflect.NativeMethodAccessorImpl.invoke(NativeMethodAccessorImpl.java:39)
	at sun.reflect.DelegatingMethodAccessorImpl.invoke(DelegatingMethodAccessorImpl.java:25)
	at java.lang.reflect.Method.invoke(Method.java:592)
	at org.apache.catalina.startup.Bootstrap.start(Bootstrap.java:295)
	at org.apache.catalina.startup.Bootstrap.main(Bootstrap.java:433)
2013-04-23 13:24:33,052 [      main] INFO  ache.catalina.startup.Catalina  - Server startup in 7604 ms
2013-04-23 13:24:33,053 [      main] ERROR e.catalina.core.StandardServer  - StandardServer.await: create[8005]: 
java.net.BindException: Address already in use
	at java.net.PlainSocketImpl.socketBind(Native Method)
	at java.net.PlainSocketImpl.bind(PlainSocketImpl.java:359)
	at java.net.ServerSocket.bind(ServerSocket.java:319)
	at java.net.ServerSocket.<init>(ServerSocket.java:185)
	at org.apache.catalina.core.StandardServer.await(StandardServer.java:363)
	at org.apache.catalina.startup.Catalina.await(Catalina.java:616)
	at org.apache.catalina.startup.Catalina.start(Catalina.java:576)
	at sun.reflect.NativeMethodAccessorImpl.invoke0(Native Method)
	at sun.reflect.NativeMethodAccessorImpl.invoke(NativeMethodAccessorImpl.java:39)
	at sun.reflect.DelegatingMethodAccessorImpl.invoke(DelegatingMethodAccessorImpl.java:25)
	at java.lang.reflect.Method.invoke(Method.java:592)
	at org.apache.catalina.startup.Bootstrap.start(Bootstrap.java:295)
	at org.apache.catalina.startup.Bootstrap.main(Bootstrap.java:433)
2013-04-23 13:24:33,064 [  Thread-1] INFO  yote.http11.Http11BaseProtocol  - Pausing Coyote HTTP/1.1 on http-8080
2013-04-23 13:24:34,065 [  Thread-1] INFO  .catalina.core.StandardService  - Stopping service Catalina
2013-04-23 13:24:34,409 [  Thread-1] WARN  alina.connector.MapperListener  - Error unregistering MBeanServerDelegate
java.lang.NullPointerException
	at org.apache.catalina.connector.MapperListener.destroy(MapperListener.java:162)
	at org.apache.catalina.connector.Connector.stop(Connector.java:1138)
	at org.apache.catalina.core.StandardService.stop(StandardService.java:519)
	at org.apache.catalina.core.StandardServer.stop(StandardServer.java:734)
	at org.apache.catalina.startup.Catalina.stop(Catalina.java:602)
	at org.apache.catalina.startup.Catalina$CatalinaShutdownHook.run(Catalina.java:645)
2013-04-23 13:24:34,410 [  Thread-1] INFO  yote.http11.Http11BaseProtocol  - Stopping Coyote HTTP/1.1 on http-8080
2013-04-24 13:10:54,532 [      main] ERROR yote.http11.Http11BaseProtocol  - Error initializing endpoint
java.net.BindException: Address already in use:8080
	at org.apache.tomcat.util.net.PoolTcpEndpoint.initEndpoint(PoolTcpEndpoint.java:298)
	at org.apache.coyote.http11.Http11BaseProtocol.init(Http11BaseProtocol.java:139)
	at org.apache.catalina.connector.Connector.initialize(Connector.java:1017)
	at org.apache.catalina.core.StandardService.initialize(StandardService.java:578)
	at org.apache.catalina.core.StandardServer.initialize(StandardServer.java:782)
	at org.apache.catalina.startup.Catalina.load(Catalina.java:504)
	at org.apache.catalina.startup.Catalina.load(Catalina.java:524)
	at sun.reflect.NativeMethodAccessorImpl.invoke0(Native Method)
	at sun.reflect.NativeMethodAccessorImpl.invoke(NativeMethodAccessorImpl.java:39)
	at sun.reflect.DelegatingMethodAccessorImpl.invoke(DelegatingMethodAccessorImpl.java:25)
	at java.lang.reflect.Method.invoke(Method.java:585)
	at org.apache.catalina.startup.Bootstrap.load(Bootstrap.java:267)
	at org.apache.catalina.startup.Bootstrap.main(Bootstrap.java:432)
2013-04-24 13:10:54,552 [      main] ERROR ache.catalina.startup.Catalina  - Catalina.start
LifecycleException:  Protocol handler initialization failed: java.net.BindException: Address already in use:8080
	at org.apache.catalina.connector.Connector.initialize(Connector.java:1019)
	at org.apache.catalina.core.StandardService.initialize(StandardService.java:578)
	at org.apache.catalina.core.StandardServer.initialize(StandardServer.java:782)
	at org.apache.catalina.startup.Catalina.load(Catalina.java:504)
	at org.apache.catalina.startup.Catalina.load(Catalina.java:524)
	at sun.reflect.NativeMethodAccessorImpl.invoke0(Native Method)
	at sun.reflect.NativeMethodAccessorImpl.invoke(NativeMethodAccessorImpl.java:39)
	at sun.reflect.DelegatingMethodAccessorImpl.invoke(DelegatingMethodAccessorImpl.java:25)
	at java.lang.reflect.Method.invoke(Method.java:585)
	at org.apache.catalina.startup.Bootstrap.load(Bootstrap.java:267)
	at org.apache.catalina.startup.Bootstrap.main(Bootstrap.java:432)
2013-04-24 13:10:54,553 [      main] INFO  ache.catalina.startup.Catalina  - Initialization processed in 847 ms
2013-04-24 13:10:54,575 [      main] INFO  .catalina.core.StandardService  - Starting service Catalina
2013-04-24 13:10:54,593 [      main] INFO  e.catalina.core.StandardEngine  - Starting Servlet Engine: Apache Tomcat/5.5.26
2013-04-24 13:10:54,710 [      main] INFO  che.catalina.core.StandardHost  - XML validation disabled
2013-04-24 13:11:01,152 [      main] ERROR yote.http11.Http11BaseProtocol  - Error starting endpoint
java.net.BindException: Address already in use:8080
	at org.apache.tomcat.util.net.PoolTcpEndpoint.initEndpoint(PoolTcpEndpoint.java:298)
	at org.apache.tomcat.util.net.PoolTcpEndpoint.startEndpoint(PoolTcpEndpoint.java:313)
	at org.apache.coyote.http11.Http11BaseProtocol.start(Http11BaseProtocol.java:151)
	at org.apache.coyote.http11.Http11Protocol.start(Http11Protocol.java:76)
	at org.apache.catalina.connector.Connector.start(Connector.java:1090)
	at org.apache.catalina.core.StandardService.start(StandardService.java:457)
	at org.apache.catalina.core.StandardServer.start(StandardServer.java:700)
	at org.apache.catalina.startup.Catalina.start(Catalina.java:552)
	at sun.reflect.NativeMethodAccessorImpl.invoke0(Native Method)
	at sun.reflect.NativeMethodAccessorImpl.invoke(NativeMethodAccessorImpl.java:39)
	at sun.reflect.DelegatingMethodAccessorImpl.invoke(DelegatingMethodAccessorImpl.java:25)
	at java.lang.reflect.Method.invoke(Method.java:585)
	at org.apache.catalina.startup.Bootstrap.start(Bootstrap.java:295)
	at org.apache.catalina.startup.Bootstrap.main(Bootstrap.java:433)
2013-04-24 13:11:01,153 [      main] ERROR ache.catalina.startup.Catalina  - Catalina.start: 
LifecycleException:  service.getName(): "Catalina";  Protocol handler start failed: java.net.BindException: Address already in use:8080
	at org.apache.catalina.connector.Connector.start(Connector.java:1097)
	at org.apache.catalina.core.StandardService.start(StandardService.java:457)
	at org.apache.catalina.core.StandardServer.start(StandardServer.java:700)
	at org.apache.catalina.startup.Catalina.start(Catalina.java:552)
	at sun.reflect.NativeMethodAccessorImpl.invoke0(Native Method)
	at sun.reflect.NativeMethodAccessorImpl.invoke(NativeMethodAccessorImpl.java:39)
	at sun.reflect.DelegatingMethodAccessorImpl.invoke(DelegatingMethodAccessorImpl.java:25)
	at java.lang.reflect.Method.invoke(Method.java:585)
	at org.apache.catalina.startup.Bootstrap.start(Bootstrap.java:295)
	at org.apache.catalina.startup.Bootstrap.main(Bootstrap.java:433)
2013-04-24 13:11:01,153 [      main] INFO  ache.catalina.startup.Catalina  - Server startup in 6600 ms
2013-04-24 13:11:01,154 [      main] ERROR e.catalina.core.StandardServer  - StandardServer.await: create[8005]: 
java.net.BindException: Address already in use
	at java.net.PlainSocketImpl.socketBind(Native Method)
	at java.net.PlainSocketImpl.bind(PlainSocketImpl.java:359)
	at java.net.ServerSocket.bind(ServerSocket.java:319)
	at java.net.ServerSocket.<init>(ServerSocket.java:185)
	at org.apache.catalina.core.StandardServer.await(StandardServer.java:363)
	at org.apache.catalina.startup.Catalina.await(Catalina.java:616)
	at org.apache.catalina.startup.Catalina.start(Catalina.java:576)
	at sun.reflect.NativeMethodAccessorImpl.invoke0(Native Method)
	at sun.reflect.NativeMethodAccessorImpl.invoke(NativeMethodAccessorImpl.java:39)
	at sun.reflect.DelegatingMethodAccessorImpl.invoke(DelegatingMethodAccessorImpl.java:25)
	at java.lang.reflect.Method.invoke(Method.java:585)
	at org.apache.catalina.startup.Bootstrap.start(Bootstrap.java:295)
	at org.apache.catalina.startup.Bootstrap.main(Bootstrap.java:433)
2013-04-24 13:11:01,164 [  Thread-1] INFO  yote.http11.Http11BaseProtocol  - Pausing Coyote HTTP/1.1 on http-8080
2013-04-24 13:11:02,165 [  Thread-1] INFO  .catalina.core.StandardService  - Stopping service Catalina
2013-04-24 13:11:02,606 [  Thread-1] WARN  alina.connector.MapperListener  - Error unregistering MBeanServerDelegate
java.lang.NullPointerException
	at org.apache.catalina.connector.MapperListener.destroy(MapperListener.java:162)
	at org.apache.catalina.connector.Connector.stop(Connector.java:1138)
	at org.apache.catalina.core.StandardService.stop(StandardService.java:519)
	at org.apache.catalina.core.StandardServer.stop(StandardServer.java:734)
	at org.apache.catalina.startup.Catalina.stop(Catalina.java:602)
	at org.apache.catalina.startup.Catalina$CatalinaShutdownHook.run(Catalina.java:645)
2013-04-24 13:11:02,606 [  Thread-1] INFO  yote.http11.Http11BaseProtocol  - Stopping Coyote HTTP/1.1 on http-8080
2013-04-25 09:45:53,467 [      main] INFO  yote.http11.Http11BaseProtocol  - Pausing Coyote HTTP/1.1 on http-8080
2013-04-25 09:45:54,468 [      main] INFO  .catalina.core.StandardService  - Stopping service Catalina
2013-04-25 09:45:55,354 [      main] INFO  yote.http11.Http11BaseProtocol  - Stopping Coyote HTTP/1.1 on http-8080
2013-04-25 09:46:22,642 [      main] ERROR ache.catalina.startup.Catalina  - Catalina.stop: 
java.net.ConnectException: Connection refused
	at java.net.PlainSocketImpl.socketConnect(Native Method)
	at java.net.PlainSocketImpl.doConnect(PlainSocketImpl.java:333)
	at java.net.PlainSocketImpl.connectToAddress(PlainSocketImpl.java:195)
	at java.net.PlainSocketImpl.connect(PlainSocketImpl.java:182)
	at java.net.SocksSocketImpl.connect(SocksSocketImpl.java:366)
	at java.net.Socket.connect(Socket.java:520)
	at java.net.Socket.connect(Socket.java:470)
	at java.net.Socket.<init>(Socket.java:367)
	at java.net.Socket.<init>(Socket.java:180)
	at org.apache.catalina.startup.Catalina.stopServer(Catalina.java:395)
	at sun.reflect.NativeMethodAccessorImpl.invoke0(Native Method)
	at sun.reflect.NativeMethodAccessorImpl.invoke(NativeMethodAccessorImpl.java:39)
	at sun.reflect.DelegatingMethodAccessorImpl.invoke(DelegatingMethodAccessorImpl.java:25)
	at java.lang.reflect.Method.invoke(Method.java:585)
	at org.apache.catalina.startup.Bootstrap.stopServer(Bootstrap.java:344)
	at org.apache.catalina.startup.Bootstrap.main(Bootstrap.java:435)
2013-04-25 09:47:27,704 [      main] INFO  yote.http11.Http11BaseProtocol  - Initializing Coyote HTTP/1.1 on http-8080
2013-04-25 09:47:27,705 [      main] INFO  ache.catalina.startup.Catalina  - Initialization processed in 742 ms
2013-04-25 09:47:27,748 [      main] INFO  .catalina.core.StandardService  - Starting service Catalina
2013-04-25 09:47:27,752 [      main] INFO  e.catalina.core.StandardEngine  - Starting Servlet Engine: Apache Tomcat/5.5.26
2013-04-25 09:47:27,861 [      main] INFO  che.catalina.core.StandardHost  - XML validation disabled
2013-04-25 09:47:34,333 [      main] INFO  yote.http11.Http11BaseProtocol  - Starting Coyote HTTP/1.1 on http-8080
2013-04-25 09:47:34,638 [      main] INFO  ache.catalina.startup.Catalina  - Server startup in 6933 ms
2013-04-26 09:06:57,093 [      main] INFO  yote.http11.Http11BaseProtocol  - Pausing Coyote HTTP/1.1 on http-8080
2013-04-26 09:06:58,094 [      main] INFO  .catalina.core.StandardService  - Stopping service Catalina
2013-04-26 09:06:58,798 [      main] INFO  yote.http11.Http11BaseProtocol  - Stopping Coyote HTTP/1.1 on http-8080
2013-04-26 09:18:53,195 [      main] INFO  yote.http11.Http11BaseProtocol  - Initializing Coyote HTTP/1.1 on http-8080
2013-04-26 09:18:53,205 [      main] INFO  ache.catalina.startup.Catalina  - Initialization processed in 908 ms
2013-04-26 09:18:53,254 [      main] INFO  .catalina.core.StandardService  - Starting service Catalina
2013-04-26 09:18:53,262 [      main] INFO  e.catalina.core.StandardEngine  - Starting Servlet Engine: Apache Tomcat/5.5.26
2013-04-26 09:18:53,374 [      main] INFO  che.catalina.core.StandardHost  - XML validation disabled
2013-04-26 09:18:59,838 [      main] INFO  yote.http11.Http11BaseProtocol  - Starting Coyote HTTP/1.1 on http-8080
2013-04-26 09:19:00,173 [      main] INFO  ache.catalina.startup.Catalina  - Server startup in 6968 ms
2013-04-26 12:17:29,662 [      main] INFO  yote.http11.Http11BaseProtocol  - Pausing Coyote HTTP/1.1 on http-8080
2013-04-26 12:17:30,663 [      main] INFO  .catalina.core.StandardService  - Stopping service Catalina
2013-04-26 12:17:31,266 [      main] INFO  yote.http11.Http11BaseProtocol  - Stopping Coyote HTTP/1.1 on http-8080
2013-04-26 12:18:40,107 [      main] INFO  yote.http11.Http11BaseProtocol  - Initializing Coyote HTTP/1.1 on http-8080
2013-04-26 12:18:40,118 [      main] INFO  ache.catalina.startup.Catalina  - Initialization processed in 733 ms
2013-04-26 12:18:40,143 [      main] INFO  .catalina.core.StandardService  - Starting service Catalina
2013-04-26 12:18:40,165 [      main] INFO  e.catalina.core.StandardEngine  - Starting Servlet Engine: Apache Tomcat/5.5.26
2013-04-26 12:18:40,457 [      main] INFO  che.catalina.core.StandardHost  - XML validation disabled
2013-04-26 12:18:47,613 [      main] INFO  yote.http11.Http11BaseProtocol  - Starting Coyote HTTP/1.1 on http-8080
2013-04-26 12:18:47,901 [      main] INFO  ache.catalina.startup.Catalina  - Server startup in 7783 ms
2013-04-26 15:33:07,225 [      main] INFO  yote.http11.Http11BaseProtocol  - Pausing Coyote HTTP/1.1 on http-8080
2013-04-26 15:33:08,225 [      main] INFO  .catalina.core.StandardService  - Stopping service Catalina
2013-04-26 15:33:08,889 [      main] INFO  yote.http11.Http11BaseProtocol  - Stopping Coyote HTTP/1.1 on http-8080
2013-04-26 15:33:23,498 [      main] INFO  yote.http11.Http11BaseProtocol  - Initializing Coyote HTTP/1.1 on http-8080
2013-04-26 15:33:23,500 [      main] INFO  ache.catalina.startup.Catalina  - Initialization processed in 778 ms
2013-04-26 15:33:23,533 [      main] INFO  .catalina.core.StandardService  - Starting service Catalina
2013-04-26 15:33:23,548 [      main] INFO  e.catalina.core.StandardEngine  - Starting Servlet Engine: Apache Tomcat/5.5.26
2013-04-26 15:33:23,676 [      main] INFO  che.catalina.core.StandardHost  - XML validation disabled
2013-04-26 15:33:30,461 [      main] INFO  yote.http11.Http11BaseProtocol  - Starting Coyote HTTP/1.1 on http-8080
2013-04-26 15:33:30,797 [      main] INFO  ache.catalina.startup.Catalina  - Server startup in 7297 ms
2013-04-26 15:44:45,653 [      main] INFO  yote.http11.Http11BaseProtocol  - Pausing Coyote HTTP/1.1 on http-8080
2013-04-26 15:44:46,653 [      main] INFO  .catalina.core.StandardService  - Stopping service Catalina
2013-04-26 15:44:47,006 [      main] INFO  yote.http11.Http11BaseProtocol  - Stopping Coyote HTTP/1.1 on http-8080
2013-04-26 15:45:07,770 [      main] INFO  yote.http11.Http11BaseProtocol  - Initializing Coyote HTTP/1.1 on http-8080
2013-04-26 15:45:07,772 [      main] INFO  ache.catalina.startup.Catalina  - Initialization processed in 715 ms
2013-04-26 15:45:07,799 [      main] INFO  .catalina.core.StandardService  - Starting service Catalina
2013-04-26 15:45:07,807 [      main] INFO  e.catalina.core.StandardEngine  - Starting Servlet Engine: Apache Tomcat/5.5.26
2013-04-26 15:45:07,899 [      main] INFO  che.catalina.core.StandardHost  - XML validation disabled
2013-04-26 15:45:14,777 [      main] INFO  yote.http11.Http11BaseProtocol  - Starting Coyote HTTP/1.1 on http-8080
2013-04-26 15:45:15,133 [      main] INFO  ache.catalina.startup.Catalina  - Server startup in 7361 ms
2013-04-30 10:05:23,885 [      main] INFO  yote.http11.Http11BaseProtocol  - Pausing Coyote HTTP/1.1 on http-8080
2013-04-30 10:05:24,903 [      main] INFO  .catalina.core.StandardService  - Stopping service Catalina
2013-04-30 10:05:26,505 [      main] INFO  yote.http11.Http11BaseProtocol  - Stopping Coyote HTTP/1.1 on http-8080
2013-04-30 10:11:20,483 [      main] INFO  yote.http11.Http11BaseProtocol  - Initializing Coyote HTTP/1.1 on http-8080
2013-04-30 10:11:20,491 [      main] INFO  ache.catalina.startup.Catalina  - Initialization processed in 854 ms
2013-04-30 10:11:20,558 [      main] INFO  .catalina.core.StandardService  - Starting service Catalina
2013-04-30 10:11:20,562 [      main] INFO  e.catalina.core.StandardEngine  - Starting Servlet Engine: Apache Tomcat/5.5.26
2013-04-30 10:11:20,670 [      main] INFO  che.catalina.core.StandardHost  - XML validation disabled
2013-04-30 10:11:27,261 [      main] INFO  yote.http11.Http11BaseProtocol  - Starting Coyote HTTP/1.1 on http-8080
2013-04-30 10:11:27,451 [      main] INFO  ache.catalina.startup.Catalina  - Server startup in 6960 ms
2013-05-01 16:02:54,805 [      main] ERROR yote.http11.Http11BaseProtocol  - Error initializing endpoint
java.net.BindException: Address already in use:8080
	at org.apache.tomcat.util.net.PoolTcpEndpoint.initEndpoint(PoolTcpEndpoint.java:298)
	at org.apache.coyote.http11.Http11BaseProtocol.init(Http11BaseProtocol.java:139)
	at org.apache.catalina.connector.Connector.initialize(Connector.java:1017)
	at org.apache.catalina.core.StandardService.initialize(StandardService.java:578)
	at org.apache.catalina.core.StandardServer.initialize(StandardServer.java:782)
	at org.apache.catalina.startup.Catalina.load(Catalina.java:504)
	at org.apache.catalina.startup.Catalina.load(Catalina.java:524)
	at sun.reflect.NativeMethodAccessorImpl.invoke0(Native Method)
	at sun.reflect.NativeMethodAccessorImpl.invoke(NativeMethodAccessorImpl.java:39)
	at sun.reflect.DelegatingMethodAccessorImpl.invoke(DelegatingMethodAccessorImpl.java:25)
	at java.lang.reflect.Method.invoke(Method.java:585)
	at org.apache.catalina.startup.Bootstrap.load(Bootstrap.java:267)
	at org.apache.catalina.startup.Bootstrap.main(Bootstrap.java:432)
2013-05-01 16:02:54,821 [      main] ERROR ache.catalina.startup.Catalina  - Catalina.start
LifecycleException:  Protocol handler initialization failed: java.net.BindException: Address already in use:8080
	at org.apache.catalina.connector.Connector.initialize(Connector.java:1019)
	at org.apache.catalina.core.StandardService.initialize(StandardService.java:578)
	at org.apache.catalina.core.StandardServer.initialize(StandardServer.java:782)
	at org.apache.catalina.startup.Catalina.load(Catalina.java:504)
	at org.apache.catalina.startup.Catalina.load(Catalina.java:524)
	at sun.reflect.NativeMethodAccessorImpl.invoke0(Native Method)
	at sun.reflect.NativeMethodAccessorImpl.invoke(NativeMethodAccessorImpl.java:39)
	at sun.reflect.DelegatingMethodAccessorImpl.invoke(DelegatingMethodAccessorImpl.java:25)
	at java.lang.reflect.Method.invoke(Method.java:585)
	at org.apache.catalina.startup.Bootstrap.load(Bootstrap.java:267)
	at org.apache.catalina.startup.Bootstrap.main(Bootstrap.java:432)
2013-05-01 16:02:54,821 [      main] INFO  ache.catalina.startup.Catalina  - Initialization processed in 751 ms
2013-05-01 16:02:54,852 [      main] INFO  .catalina.core.StandardService  - Starting service Catalina
2013-05-01 16:02:54,861 [      main] INFO  e.catalina.core.StandardEngine  - Starting Servlet Engine: Apache Tomcat/5.5.26
2013-05-01 16:02:54,981 [      main] INFO  che.catalina.core.StandardHost  - XML validation disabled
2013-05-01 16:03:01,281 [      main] ERROR yote.http11.Http11BaseProtocol  - Error starting endpoint
java.net.BindException: Address already in use:8080
	at org.apache.tomcat.util.net.PoolTcpEndpoint.initEndpoint(PoolTcpEndpoint.java:298)
	at org.apache.tomcat.util.net.PoolTcpEndpoint.startEndpoint(PoolTcpEndpoint.java:313)
	at org.apache.coyote.http11.Http11BaseProtocol.start(Http11BaseProtocol.java:151)
	at org.apache.coyote.http11.Http11Protocol.start(Http11Protocol.java:76)
	at org.apache.catalina.connector.Connector.start(Connector.java:1090)
	at org.apache.catalina.core.StandardService.start(StandardService.java:457)
	at org.apache.catalina.core.StandardServer.start(StandardServer.java:700)
	at org.apache.catalina.startup.Catalina.start(Catalina.java:552)
	at sun.reflect.NativeMethodAccessorImpl.invoke0(Native Method)
	at sun.reflect.NativeMethodAccessorImpl.invoke(NativeMethodAccessorImpl.java:39)
	at sun.reflect.DelegatingMethodAccessorImpl.invoke(DelegatingMethodAccessorImpl.java:25)
	at java.lang.reflect.Method.invoke(Method.java:585)
	at org.apache.catalina.startup.Bootstrap.start(Bootstrap.java:295)
	at org.apache.catalina.startup.Bootstrap.main(Bootstrap.java:433)
2013-05-01 16:03:01,282 [      main] ERROR ache.catalina.startup.Catalina  - Catalina.start: 
LifecycleException:  service.getName(): "Catalina";  Protocol handler start failed: java.net.BindException: Address already in use:8080
	at org.apache.catalina.connector.Connector.start(Connector.java:1097)
	at org.apache.catalina.core.StandardService.start(StandardService.java:457)
	at org.apache.catalina.core.StandardServer.start(StandardServer.java:700)
	at org.apache.catalina.startup.Catalina.start(Catalina.java:552)
	at sun.reflect.NativeMethodAccessorImpl.invoke0(Native Method)
	at sun.reflect.NativeMethodAccessorImpl.invoke(NativeMethodAccessorImpl.java:39)
	at sun.reflect.DelegatingMethodAccessorImpl.invoke(DelegatingMethodAccessorImpl.java:25)
	at java.lang.reflect.Method.invoke(Method.java:585)
	at org.apache.catalina.startup.Bootstrap.start(Bootstrap.java:295)
	at org.apache.catalina.startup.Bootstrap.main(Bootstrap.java:433)
2013-05-01 16:03:01,282 [      main] INFO  ache.catalina.startup.Catalina  - Server startup in 6461 ms
2013-05-01 16:03:01,283 [      main] ERROR e.catalina.core.StandardServer  - StandardServer.await: create[8005]: 
java.net.BindException: Address already in use
	at java.net.PlainSocketImpl.socketBind(Native Method)
	at java.net.PlainSocketImpl.bind(PlainSocketImpl.java:359)
	at java.net.ServerSocket.bind(ServerSocket.java:319)
	at java.net.ServerSocket.<init>(ServerSocket.java:185)
	at org.apache.catalina.core.StandardServer.await(StandardServer.java:363)
	at org.apache.catalina.startup.Catalina.await(Catalina.java:616)
	at org.apache.catalina.startup.Catalina.start(Catalina.java:576)
	at sun.reflect.NativeMethodAccessorImpl.invoke0(Native Method)
	at sun.reflect.NativeMethodAccessorImpl.invoke(NativeMethodAccessorImpl.java:39)
	at sun.reflect.DelegatingMethodAccessorImpl.invoke(DelegatingMethodAccessorImpl.java:25)
	at java.lang.reflect.Method.invoke(Method.java:585)
	at org.apache.catalina.startup.Bootstrap.start(Bootstrap.java:295)
	at org.apache.catalina.startup.Bootstrap.main(Bootstrap.java:433)
2013-05-01 16:03:01,293 [  Thread-1] INFO  yote.http11.Http11BaseProtocol  - Pausing Coyote HTTP/1.1 on http-8080
2013-05-01 16:03:02,293 [  Thread-1] INFO  .catalina.core.StandardService  - Stopping service Catalina
2013-05-01 16:03:02,751 [  Thread-1] WARN  alina.connector.MapperListener  - Error unregistering MBeanServerDelegate
java.lang.NullPointerException
	at org.apache.catalina.connector.MapperListener.destroy(MapperListener.java:162)
	at org.apache.catalina.connector.Connector.stop(Connector.java:1138)
	at org.apache.catalina.core.StandardService.stop(StandardService.java:519)
	at org.apache.catalina.core.StandardServer.stop(StandardServer.java:734)
	at org.apache.catalina.startup.Catalina.stop(Catalina.java:602)
	at org.apache.catalina.startup.Catalina$CatalinaShutdownHook.run(Catalina.java:645)
2013-05-01 16:03:02,752 [  Thread-1] INFO  yote.http11.Http11BaseProtocol  - Stopping Coyote HTTP/1.1 on http-8080
2013-05-03 03:52:52,467 [      main] ERROR yote.http11.Http11BaseProtocol  - Error initializing endpoint
java.net.BindException: Address already in use:8080
	at org.apache.tomcat.util.net.PoolTcpEndpoint.initEndpoint(PoolTcpEndpoint.java:298)
	at org.apache.coyote.http11.Http11BaseProtocol.init(Http11BaseProtocol.java:139)
	at org.apache.catalina.connector.Connector.initialize(Connector.java:1017)
	at org.apache.catalina.core.StandardService.initialize(StandardService.java:578)
	at org.apache.catalina.core.StandardServer.initialize(StandardServer.java:782)
	at org.apache.catalina.startup.Catalina.load(Catalina.java:504)
	at org.apache.catalina.startup.Catalina.load(Catalina.java:524)
	at sun.reflect.NativeMethodAccessorImpl.invoke0(Native Method)
	at sun.reflect.NativeMethodAccessorImpl.invoke(NativeMethodAccessorImpl.java:39)
	at sun.reflect.DelegatingMethodAccessorImpl.invoke(DelegatingMethodAccessorImpl.java:25)
	at java.lang.reflect.Method.invoke(Method.java:585)
	at org.apache.catalina.startup.Bootstrap.load(Bootstrap.java:267)
	at org.apache.catalina.startup.Bootstrap.main(Bootstrap.java:432)
2013-05-03 03:52:52,491 [      main] ERROR ache.catalina.startup.Catalina  - Catalina.start
LifecycleException:  Protocol handler initialization failed: java.net.BindException: Address already in use:8080
	at org.apache.catalina.connector.Connector.initialize(Connector.java:1019)
	at org.apache.catalina.core.StandardService.initialize(StandardService.java:578)
	at org.apache.catalina.core.StandardServer.initialize(StandardServer.java:782)
	at org.apache.catalina.startup.Catalina.load(Catalina.java:504)
	at org.apache.catalina.startup.Catalina.load(Catalina.java:524)
	at sun.reflect.NativeMethodAccessorImpl.invoke0(Native Method)
	at sun.reflect.NativeMethodAccessorImpl.invoke(NativeMethodAccessorImpl.java:39)
	at sun.reflect.DelegatingMethodAccessorImpl.invoke(DelegatingMethodAccessorImpl.java:25)
	at java.lang.reflect.Method.invoke(Method.java:585)
	at org.apache.catalina.startup.Bootstrap.load(Bootstrap.java:267)
	at org.apache.catalina.startup.Bootstrap.main(Bootstrap.java:432)
2013-05-03 03:52:52,492 [      main] INFO  ache.catalina.startup.Catalina  - Initialization processed in 897 ms
2013-05-03 03:52:52,524 [      main] INFO  .catalina.core.StandardService  - Starting service Catalina
2013-05-03 03:52:52,528 [      main] INFO  e.catalina.core.StandardEngine  - Starting Servlet Engine: Apache Tomcat/5.5.26
2013-05-03 03:52:52,616 [      main] INFO  che.catalina.core.StandardHost  - XML validation disabled
2013-05-03 03:52:59,071 [      main] ERROR yote.http11.Http11BaseProtocol  - Error starting endpoint
java.net.BindException: Address already in use:8080
	at org.apache.tomcat.util.net.PoolTcpEndpoint.initEndpoint(PoolTcpEndpoint.java:298)
	at org.apache.tomcat.util.net.PoolTcpEndpoint.startEndpoint(PoolTcpEndpoint.java:313)
	at org.apache.coyote.http11.Http11BaseProtocol.start(Http11BaseProtocol.java:151)
	at org.apache.coyote.http11.Http11Protocol.start(Http11Protocol.java:76)
	at org.apache.catalina.connector.Connector.start(Connector.java:1090)
	at org.apache.catalina.core.StandardService.start(StandardService.java:457)
	at org.apache.catalina.core.StandardServer.start(StandardServer.java:700)
	at org.apache.catalina.startup.Catalina.start(Catalina.java:552)
	at sun.reflect.NativeMethodAccessorImpl.invoke0(Native Method)
	at sun.reflect.NativeMethodAccessorImpl.invoke(NativeMethodAccessorImpl.java:39)
	at sun.reflect.DelegatingMethodAccessorImpl.invoke(DelegatingMethodAccessorImpl.java:25)
	at java.lang.reflect.Method.invoke(Method.java:585)
	at org.apache.catalina.startup.Bootstrap.start(Bootstrap.java:295)
	at org.apache.catalina.startup.Bootstrap.main(Bootstrap.java:433)
2013-05-03 03:52:59,071 [      main] ERROR ache.catalina.startup.Catalina  - Catalina.start: 
LifecycleException:  service.getName(): "Catalina";  Protocol handler start failed: java.net.BindException: Address already in use:8080
	at org.apache.catalina.connector.Connector.start(Connector.java:1097)
	at org.apache.catalina.core.StandardService.start(StandardService.java:457)
	at org.apache.catalina.core.StandardServer.start(StandardServer.java:700)
	at org.apache.catalina.startup.Catalina.start(Catalina.java:552)
	at sun.reflect.NativeMethodAccessorImpl.invoke0(Native Method)
	at sun.reflect.NativeMethodAccessorImpl.invoke(NativeMethodAccessorImpl.java:39)
	at sun.reflect.DelegatingMethodAccessorImpl.invoke(DelegatingMethodAccessorImpl.java:25)
	at java.lang.reflect.Method.invoke(Method.java:585)
	at org.apache.catalina.startup.Bootstrap.start(Bootstrap.java:295)
	at org.apache.catalina.startup.Bootstrap.main(Bootstrap.java:433)
2013-05-03 03:52:59,086 [      main] INFO  ache.catalina.startup.Catalina  - Server startup in 6593 ms
2013-05-03 03:52:59,086 [      main] ERROR e.catalina.core.StandardServer  - StandardServer.await: create[8005]: 
java.net.BindException: Address already in use
	at java.net.PlainSocketImpl.socketBind(Native Method)
	at java.net.PlainSocketImpl.bind(PlainSocketImpl.java:359)
	at java.net.ServerSocket.bind(ServerSocket.java:319)
	at java.net.ServerSocket.<init>(ServerSocket.java:185)
	at org.apache.catalina.core.StandardServer.await(StandardServer.java:363)
	at org.apache.catalina.startup.Catalina.await(Catalina.java:616)
	at org.apache.catalina.startup.Catalina.start(Catalina.java:576)
	at sun.reflect.NativeMethodAccessorImpl.invoke0(Native Method)
	at sun.reflect.NativeMethodAccessorImpl.invoke(NativeMethodAccessorImpl.java:39)
	at sun.reflect.DelegatingMethodAccessorImpl.invoke(DelegatingMethodAccessorImpl.java:25)
	at java.lang.reflect.Method.invoke(Method.java:585)
	at org.apache.catalina.startup.Bootstrap.start(Bootstrap.java:295)
	at org.apache.catalina.startup.Bootstrap.main(Bootstrap.java:433)
2013-05-03 03:52:59,096 [  Thread-1] INFO  yote.http11.Http11BaseProtocol  - Pausing Coyote HTTP/1.1 on http-8080
2013-05-03 03:53:00,097 [  Thread-1] INFO  .catalina.core.StandardService  - Stopping service Catalina
2013-05-03 03:53:00,580 [  Thread-1] WARN  alina.connector.MapperListener  - Error unregistering MBeanServerDelegate
java.lang.NullPointerException
	at org.apache.catalina.connector.MapperListener.destroy(MapperListener.java:162)
	at org.apache.catalina.connector.Connector.stop(Connector.java:1138)
	at org.apache.catalina.core.StandardService.stop(StandardService.java:519)
	at org.apache.catalina.core.StandardServer.stop(StandardServer.java:734)
	at org.apache.catalina.startup.Catalina.stop(Catalina.java:602)
	at org.apache.catalina.startup.Catalina$CatalinaShutdownHook.run(Catalina.java:645)
2013-05-03 03:53:00,581 [  Thread-1] INFO  yote.http11.Http11BaseProtocol  - Stopping Coyote HTTP/1.1 on http-8080
2013-05-03 03:54:49,584 [      main] INFO  yote.http11.Http11BaseProtocol  - Pausing Coyote HTTP/1.1 on http-8080
2013-05-03 03:54:50,584 [      main] INFO  .catalina.core.StandardService  - Stopping service Catalina
2013-05-03 03:54:51,176 [      main] INFO  yote.http11.Http11BaseProtocol  - Stopping Coyote HTTP/1.1 on http-8080
2013-05-03 03:55:05,026 [      main] INFO  yote.http11.Http11BaseProtocol  - Initializing Coyote HTTP/1.1 on http-8080
2013-05-03 03:55:05,032 [      main] INFO  ache.catalina.startup.Catalina  - Initialization processed in 716 ms
2013-05-03 03:55:05,061 [      main] INFO  .catalina.core.StandardService  - Starting service Catalina
2013-05-03 03:55:05,079 [      main] INFO  e.catalina.core.StandardEngine  - Starting Servlet Engine: Apache Tomcat/5.5.26
2013-05-03 03:55:05,206 [      main] INFO  che.catalina.core.StandardHost  - XML validation disabled
2013-05-03 03:55:12,025 [      main] INFO  yote.http11.Http11BaseProtocol  - Starting Coyote HTTP/1.1 on http-8080
2013-05-03 03:55:12,401 [      main] INFO  ache.catalina.startup.Catalina  - Server startup in 7369 ms
2013-06-07 05:08:11,977 [      main] INFO  yote.http11.Http11BaseProtocol  - Initializing Coyote HTTP/1.1 on http-8080
2013-06-07 05:08:12,012 [      main] INFO  ache.catalina.startup.Catalina  - Initialization processed in 779 ms
2013-06-07 05:08:12,043 [      main] INFO  .catalina.core.StandardService  - Starting service Catalina
2013-06-07 05:08:12,048 [      main] INFO  e.catalina.core.StandardEngine  - Starting Servlet Engine: Apache Tomcat/5.5.26
2013-06-07 05:08:12,184 [      main] INFO  che.catalina.core.StandardHost  - XML validation disabled
2013-06-07 05:08:18,749 [      main] INFO  yote.http11.Http11BaseProtocol  - Starting Coyote HTTP/1.1 on http-8080
2013-06-07 05:08:19,151 [      main] INFO  ache.catalina.startup.Catalina  - Server startup in 7138 ms
2013-08-12 12:17:14,486 [      main] INFO  yote.http11.Http11BaseProtocol  - Initializing Coyote HTTP/1.1 on http-8080
2013-08-12 12:17:14,497 [      main] INFO  ache.catalina.startup.Catalina  - Initialization processed in 886 ms
2013-08-12 12:17:14,546 [      main] INFO  .catalina.core.StandardService  - Starting service Catalina
2013-08-12 12:17:14,551 [      main] INFO  e.catalina.core.StandardEngine  - Starting Servlet Engine: Apache Tomcat/5.5.26
2013-08-12 12:17:14,645 [      main] INFO  che.catalina.core.StandardHost  - XML validation disabled
2013-08-12 12:17:21,569 [      main] INFO  yote.http11.Http11BaseProtocol  - Starting Coyote HTTP/1.1 on http-8080
2013-08-12 12:17:21,853 [      main] INFO  ache.catalina.startup.Catalina  - Server startup in 7356 ms
2013-10-08 14:34:28,423 [      main] INFO  yote.http11.Http11BaseProtocol  - Initializing Coyote HTTP/1.1 on http-8080
2013-10-08 14:34:28,439 [      main] INFO  ache.catalina.startup.Catalina  - Initialization processed in 934 ms
2013-10-08 14:34:28,474 [      main] INFO  .catalina.core.StandardService  - Starting service Catalina
2013-10-08 14:34:28,478 [      main] INFO  e.catalina.core.StandardEngine  - Starting Servlet Engine: Apache Tomcat/5.5.26
2013-10-08 14:34:28,584 [      main] INFO  che.catalina.core.StandardHost  - XML validation disabled
2013-10-08 14:34:36,989 [      main] INFO  yote.http11.Http11BaseProtocol  - Starting Coyote HTTP/1.1 on http-8080
2013-10-08 14:34:37,173 [      main] INFO  ache.catalina.startup.Catalina  - Server startup in 8734 ms
2013-12-28 08:57:08,379 [      main] INFO  yote.http11.Http11BaseProtocol  - Initializing Coyote HTTP/1.1 on http-8080
2013-12-28 08:57:08,403 [      main] INFO  ache.catalina.startup.Catalina  - Initialization processed in 2457 ms
2013-12-28 08:57:08,448 [      main] INFO  .catalina.core.StandardService  - Starting service Catalina
2013-12-28 08:57:08,455 [      main] INFO  e.catalina.core.StandardEngine  - Starting Servlet Engine: Apache Tomcat/5.5.26
2013-12-28 08:57:08,570 [      main] INFO  che.catalina.core.StandardHost  - XML validation disabled
2013-12-28 08:57:17,522 [      main] INFO  yote.http11.Http11BaseProtocol  - Starting Coyote HTTP/1.1 on http-8080
2013-12-28 08:57:17,775 [      main] INFO  ache.catalina.startup.Catalina  - Server startup in 9372 ms
