[2013-04-30 03:17:14 UTC] <esis_user on esis_sdw> WARNING:  nonstandard use of escape in a string literal at character 37
[2013-04-30 03:17:14 UTC] <esis_user on esis_sdw> HINT:  Use the escape string syntax for escapes, e.g., E'\r\n'.
[2013-04-30 03:17:14 UTC] <esis_user on esis_sdw> WARNING:  nonstandard use of escape in a string literal at character 562
[2013-04-30 03:17:14 UTC] <esis_user on esis_sdw> HINT:  Use the escape string syntax for escapes, e.g., E'\r\n'.
[2013-04-30 03:17:14 UTC] <esis_user on esis_sdw> WARNING:  nonstandard use of escape in a string literal at character 927
[2013-04-30 03:17:14 UTC] <esis_user on esis_sdw> HINT:  Use the escape string syntax for escapes, e.g., E'\r\n'.
[2013-04-30 03:17:14 UTC] <esis_user on esis_sdw> WARNING:  nonstandard use of escape in a string literal at character 1058
[2013-04-30 03:17:14 UTC] <esis_user on esis_sdw> HINT:  Use the escape string syntax for escapes, e.g., E'\r\n'.
[2013-04-30 03:35:47 UTC] <esis_user on esis_sdw> WARNING:  nonstandard use of escape in a string literal at character 37
[2013-04-30 03:35:47 UTC] <esis_user on esis_sdw> HINT:  Use the escape string syntax for escapes, e.g., E'\r\n'.
[2013-04-30 03:35:47 UTC] <esis_user on esis_sdw> WARNING:  nonstandard use of escape in a string literal at character 562
[2013-04-30 03:35:47 UTC] <esis_user on esis_sdw> HINT:  Use the escape string syntax for escapes, e.g., E'\r\n'.
[2013-04-30 03:35:47 UTC] <esis_user on esis_sdw> WARNING:  nonstandard use of escape in a string literal at character 927
[2013-04-30 03:35:47 UTC] <esis_user on esis_sdw> HINT:  Use the escape string syntax for escapes, e.g., E'\r\n'.
[2013-04-30 03:35:47 UTC] <esis_user on esis_sdw> WARNING:  nonstandard use of escape in a string literal at character 1058
[2013-04-30 03:35:47 UTC] <esis_user on esis_sdw> HINT:  Use the escape string syntax for escapes, e.g., E'\r\n'.
[2013-04-30 03:36:13 UTC] <esis_user on esis_sdw> WARNING:  nonstandard use of escape in a string literal at character 37
[2013-04-30 03:36:13 UTC] <esis_user on esis_sdw> HINT:  Use the escape string syntax for escapes, e.g., E'\r\n'.
[2013-04-30 03:36:13 UTC] <esis_user on esis_sdw> WARNING:  nonstandard use of escape in a string literal at character 562
[2013-04-30 03:36:13 UTC] <esis_user on esis_sdw> HINT:  Use the escape string syntax for escapes, e.g., E'\r\n'.
[2013-04-30 03:36:13 UTC] <esis_user on esis_sdw> WARNING:  nonstandard use of escape in a string literal at character 927
[2013-04-30 03:36:13 UTC] <esis_user on esis_sdw> HINT:  Use the escape string syntax for escapes, e.g., E'\r\n'.
[2013-04-30 03:36:13 UTC] <esis_user on esis_sdw> WARNING:  nonstandard use of escape in a string literal at character 1058
[2013-04-30 03:36:13 UTC] <esis_user on esis_sdw> HINT:  Use the escape string syntax for escapes, e.g., E'\r\n'.
[2013-04-30 04:52:38 UTC] <esis_user on esis_sdw> WARNING:  nonstandard use of escape in a string literal at character 37
[2013-04-30 04:52:38 UTC] <esis_user on esis_sdw> HINT:  Use the escape string syntax for escapes, e.g., E'\r\n'.
[2013-04-30 04:52:38 UTC] <esis_user on esis_sdw> WARNING:  nonstandard use of escape in a string literal at character 562
[2013-04-30 04:52:38 UTC] <esis_user on esis_sdw> HINT:  Use the escape string syntax for escapes, e.g., E'\r\n'.
[2013-04-30 04:52:38 UTC] <esis_user on esis_sdw> WARNING:  nonstandard use of escape in a string literal at character 927
[2013-04-30 04:52:38 UTC] <esis_user on esis_sdw> HINT:  Use the escape string syntax for escapes, e.g., E'\r\n'.
[2013-04-30 04:52:38 UTC] <esis_user on esis_sdw> WARNING:  nonstandard use of escape in a string literal at character 1058
[2013-04-30 04:52:38 UTC] <esis_user on esis_sdw> HINT:  Use the escape string syntax for escapes, e.g., E'\r\n'.
[2013-04-30 05:02:48 UTC] <esis_user on esis_sdw> WARNING:  nonstandard use of escape in a string literal at character 37
[2013-04-30 05:02:48 UTC] <esis_user on esis_sdw> HINT:  Use the escape string syntax for escapes, e.g., E'\r\n'.
[2013-04-30 05:02:48 UTC] <esis_user on esis_sdw> WARNING:  nonstandard use of escape in a string literal at character 562
[2013-04-30 05:02:48 UTC] <esis_user on esis_sdw> HINT:  Use the escape string syntax for escapes, e.g., E'\r\n'.
[2013-04-30 05:02:48 UTC] <esis_user on esis_sdw> WARNING:  nonstandard use of escape in a string literal at character 927
[2013-04-30 05:02:48 UTC] <esis_user on esis_sdw> HINT:  Use the escape string syntax for escapes, e.g., E'\r\n'.
[2013-04-30 05:02:48 UTC] <esis_user on esis_sdw> WARNING:  nonstandard use of escape in a string literal at character 1058
[2013-04-30 05:02:48 UTC] <esis_user on esis_sdw> HINT:  Use the escape string syntax for escapes, e.g., E'\r\n'.
[2013-04-30 05:04:21 UTC] <esis_user on esis_sdw> WARNING:  nonstandard use of escape in a string literal at character 37
[2013-04-30 05:04:21 UTC] <esis_user on esis_sdw> HINT:  Use the escape string syntax for escapes, e.g., E'\r\n'.
[2013-04-30 05:04:21 UTC] <esis_user on esis_sdw> WARNING:  nonstandard use of escape in a string literal at character 562
[2013-04-30 05:04:21 UTC] <esis_user on esis_sdw> HINT:  Use the escape string syntax for escapes, e.g., E'\r\n'.
[2013-04-30 05:04:21 UTC] <esis_user on esis_sdw> WARNING:  nonstandard use of escape in a string literal at character 927
[2013-04-30 05:04:21 UTC] <esis_user on esis_sdw> HINT:  Use the escape string syntax for escapes, e.g., E'\r\n'.
[2013-04-30 05:04:21 UTC] <esis_user on esis_sdw> WARNING:  nonstandard use of escape in a string literal at character 1058
[2013-04-30 05:04:21 UTC] <esis_user on esis_sdw> HINT:  Use the escape string syntax for escapes, e.g., E'\r\n'.
[2013-04-30 05:16:50 UTC] <esis_user on esis_sdw> WARNING:  nonstandard use of escape in a string literal at character 37
[2013-04-30 05:16:50 UTC] <esis_user on esis_sdw> HINT:  Use the escape string syntax for escapes, e.g., E'\r\n'.
[2013-04-30 05:16:50 UTC] <esis_user on esis_sdw> WARNING:  nonstandard use of escape in a string literal at character 562
[2013-04-30 05:16:50 UTC] <esis_user on esis_sdw> HINT:  Use the escape string syntax for escapes, e.g., E'\r\n'.
[2013-04-30 05:16:50 UTC] <esis_user on esis_sdw> WARNING:  nonstandard use of escape in a string literal at character 927
[2013-04-30 05:16:50 UTC] <esis_user on esis_sdw> HINT:  Use the escape string syntax for escapes, e.g., E'\r\n'.
[2013-04-30 05:16:50 UTC] <esis_user on esis_sdw> WARNING:  nonstandard use of escape in a string literal at character 1058
[2013-04-30 05:16:50 UTC] <esis_user on esis_sdw> HINT:  Use the escape string syntax for escapes, e.g., E'\r\n'.
[2013-04-30 05:16:53 UTC] <esis_user on esis_sdw> WARNING:  nonstandard use of \\ in a string literal at character 96
[2013-04-30 05:16:53 UTC] <esis_user on esis_sdw> HINT:  Use the escape string syntax for backslashes, e.g., E'\\'.
[2013-04-30 05:16:53 UTC] <esis_user on esis_sdw> WARNING:  nonstandard use of \\ in a string literal at character 644
[2013-04-30 05:16:53 UTC] <esis_user on esis_sdw> HINT:  Use the escape string syntax for backslashes, e.g., E'\\'.
[2013-04-30 09:52:10 UTC] <esis_user on esis_sdw> WARNING:  nonstandard use of escape in a string literal at character 37
[2013-04-30 09:52:10 UTC] <esis_user on esis_sdw> HINT:  Use the escape string syntax for escapes, e.g., E'\r\n'.
[2013-04-30 09:52:10 UTC] <esis_user on esis_sdw> WARNING:  nonstandard use of escape in a string literal at character 562
[2013-04-30 09:52:10 UTC] <esis_user on esis_sdw> HINT:  Use the escape string syntax for escapes, e.g., E'\r\n'.
[2013-04-30 09:52:10 UTC] <esis_user on esis_sdw> WARNING:  nonstandard use of escape in a string literal at character 927
[2013-04-30 09:52:10 UTC] <esis_user on esis_sdw> HINT:  Use the escape string syntax for escapes, e.g., E'\r\n'.
[2013-04-30 09:52:10 UTC] <esis_user on esis_sdw> WARNING:  nonstandard use of escape in a string literal at character 1058
[2013-04-30 09:52:10 UTC] <esis_user on esis_sdw> HINT:  Use the escape string syntax for escapes, e.g., E'\r\n'.
[2013-04-30 09:52:24 UTC] <esis_user on esis_sdw> WARNING:  nonstandard use of \\ in a string literal at character 96
[2013-04-30 09:52:24 UTC] <esis_user on esis_sdw> HINT:  Use the escape string syntax for backslashes, e.g., E'\\'.
[2013-04-30 09:52:24 UTC] <esis_user on esis_sdw> WARNING:  nonstandard use of \\ in a string literal at character 644
[2013-04-30 09:52:24 UTC] <esis_user on esis_sdw> HINT:  Use the escape string syntax for backslashes, e.g., E'\\'.
[2013-04-30 09:56:21 UTC] < on > LOG:  received fast shutdown request
[2013-04-30 09:56:21 UTC] < on > LOG:  aborting any active transactions
[2013-04-30 09:56:21 UTC] <esis_user on esis_sdw> FATAL:  terminating connection due to administrator command
[2013-04-30 09:56:21 UTC] <esis_user on esis_sdw> FATAL:  terminating connection due to administrator command
[2013-04-30 09:56:21 UTC] <esis_user on esis_sdw> FATAL:  terminating connection due to administrator command
[2013-04-30 09:56:21 UTC] <esis_user on esis_sdw> FATAL:  terminating connection due to administrator command
[2013-04-30 09:56:21 UTC] <esis_user on esis_sdw> FATAL:  terminating connection due to administrator command
[2013-04-30 09:56:21 UTC] <esis_user on esis_sdw> FATAL:  terminating connection due to administrator command
[2013-04-30 09:56:21 UTC] <esis_user on esis_sdw> FATAL:  terminating connection due to administrator command
[2013-04-30 09:56:21 UTC] <esis_user on esis_sdw> FATAL:  terminating connection due to administrator command
[2013-04-30 09:56:21 UTC] <esis_user on esis_sdw> FATAL:  terminating connection due to administrator command
[2013-04-30 09:56:21 UTC] < on > LOG:  autovacuum launcher shutting down
[2013-04-30 09:56:21 UTC] < on > LOG:  shutting down
[2013-04-30 09:56:21 UTC] < on > LOG:  database system is shut down
[2013-04-30 10:11:18 UTC] < on > LOG:  database system was shut down at 2013-04-30 09:56:21 UTC
[2013-04-30 10:11:18 UTC] < on > LOG:  database system is ready to accept connections
[2013-04-30 10:11:18 UTC] < on > LOG:  autovacuum launcher started
[2013-04-30 10:20:33 UTC] <esis_user on esis_sdw> WARNING:  nonstandard use of escape in a string literal at character 37
[2013-04-30 10:20:33 UTC] <esis_user on esis_sdw> HINT:  Use the escape string syntax for escapes, e.g., E'\r\n'.
[2013-04-30 10:20:33 UTC] <esis_user on esis_sdw> WARNING:  nonstandard use of escape in a string literal at character 562
[2013-04-30 10:20:33 UTC] <esis_user on esis_sdw> HINT:  Use the escape string syntax for escapes, e.g., E'\r\n'.
[2013-04-30 10:20:33 UTC] <esis_user on esis_sdw> WARNING:  nonstandard use of escape in a string literal at character 927
[2013-04-30 10:20:33 UTC] <esis_user on esis_sdw> HINT:  Use the escape string syntax for escapes, e.g., E'\r\n'.
[2013-04-30 10:20:33 UTC] <esis_user on esis_sdw> WARNING:  nonstandard use of escape in a string literal at character 1058
[2013-04-30 10:20:33 UTC] <esis_user on esis_sdw> HINT:  Use the escape string syntax for escapes, e.g., E'\r\n'.
[2013-04-30 10:20:37 UTC] <esis_user on esis_sdw> WARNING:  nonstandard use of \\ in a string literal at character 96
[2013-04-30 10:20:37 UTC] <esis_user on esis_sdw> HINT:  Use the escape string syntax for backslashes, e.g., E'\\'.
[2013-04-30 10:20:37 UTC] <esis_user on esis_sdw> WARNING:  nonstandard use of \\ in a string literal at character 644
[2013-04-30 10:20:37 UTC] <esis_user on esis_sdw> HINT:  Use the escape string syntax for backslashes, e.g., E'\\'.
[2013-04-30 10:58:01 UTC] <esis_user on esis_sdw> WARNING:  nonstandard use of escape in a string literal at character 37
[2013-04-30 10:58:01 UTC] <esis_user on esis_sdw> HINT:  Use the escape string syntax for escapes, e.g., E'\r\n'.
[2013-04-30 10:58:01 UTC] <esis_user on esis_sdw> WARNING:  nonstandard use of escape in a string literal at character 562
[2013-04-30 10:58:01 UTC] <esis_user on esis_sdw> HINT:  Use the escape string syntax for escapes, e.g., E'\r\n'.
[2013-04-30 10:58:01 UTC] <esis_user on esis_sdw> WARNING:  nonstandard use of escape in a string literal at character 927
[2013-04-30 10:58:01 UTC] <esis_user on esis_sdw> HINT:  Use the escape string syntax for escapes, e.g., E'\r\n'.
[2013-04-30 10:58:01 UTC] <esis_user on esis_sdw> WARNING:  nonstandard use of escape in a string literal at character 1058
[2013-04-30 10:58:01 UTC] <esis_user on esis_sdw> HINT:  Use the escape string syntax for escapes, e.g., E'\r\n'.
[2013-04-30 11:00:12 UTC] <esis_user on esis_sdw> WARNING:  nonstandard use of escape in a string literal at character 37
[2013-04-30 11:00:12 UTC] <esis_user on esis_sdw> HINT:  Use the escape string syntax for escapes, e.g., E'\r\n'.
[2013-04-30 11:00:12 UTC] <esis_user on esis_sdw> WARNING:  nonstandard use of escape in a string literal at character 562
[2013-04-30 11:00:12 UTC] <esis_user on esis_sdw> HINT:  Use the escape string syntax for escapes, e.g., E'\r\n'.
[2013-04-30 11:00:12 UTC] <esis_user on esis_sdw> WARNING:  nonstandard use of escape in a string literal at character 927
[2013-04-30 11:00:12 UTC] <esis_user on esis_sdw> HINT:  Use the escape string syntax for escapes, e.g., E'\r\n'.
[2013-04-30 11:00:12 UTC] <esis_user on esis_sdw> WARNING:  nonstandard use of escape in a string literal at character 1058
[2013-04-30 11:00:12 UTC] <esis_user on esis_sdw> HINT:  Use the escape string syntax for escapes, e.g., E'\r\n'.
[2013-04-30 16:04:21 UTC] <esis_user on esis_sdw> WARNING:  nonstandard use of escape in a string literal at character 37
[2013-04-30 16:04:21 UTC] <esis_user on esis_sdw> HINT:  Use the escape string syntax for escapes, e.g., E'\r\n'.
[2013-04-30 16:04:21 UTC] <esis_user on esis_sdw> WARNING:  nonstandard use of escape in a string literal at character 562
[2013-04-30 16:04:21 UTC] <esis_user on esis_sdw> HINT:  Use the escape string syntax for escapes, e.g., E'\r\n'.
[2013-04-30 16:04:21 UTC] <esis_user on esis_sdw> WARNING:  nonstandard use of escape in a string literal at character 927
[2013-04-30 16:04:21 UTC] <esis_user on esis_sdw> HINT:  Use the escape string syntax for escapes, e.g., E'\r\n'.
[2013-04-30 16:04:21 UTC] <esis_user on esis_sdw> WARNING:  nonstandard use of escape in a string literal at character 1058
[2013-04-30 16:04:21 UTC] <esis_user on esis_sdw> HINT:  Use the escape string syntax for escapes, e.g., E'\r\n'.
[2013-04-30 18:04:30 UTC] <esis_user on esis_sdw> WARNING:  nonstandard use of escape in a string literal at character 37
[2013-04-30 18:04:30 UTC] <esis_user on esis_sdw> HINT:  Use the escape string syntax for escapes, e.g., E'\r\n'.
[2013-04-30 18:04:30 UTC] <esis_user on esis_sdw> WARNING:  nonstandard use of escape in a string literal at character 562
[2013-04-30 18:04:30 UTC] <esis_user on esis_sdw> HINT:  Use the escape string syntax for escapes, e.g., E'\r\n'.
[2013-04-30 18:04:30 UTC] <esis_user on esis_sdw> WARNING:  nonstandard use of escape in a string literal at character 927
[2013-04-30 18:04:30 UTC] <esis_user on esis_sdw> HINT:  Use the escape string syntax for escapes, e.g., E'\r\n'.
[2013-04-30 18:04:30 UTC] <esis_user on esis_sdw> WARNING:  nonstandard use of escape in a string literal at character 1058
[2013-04-30 18:04:30 UTC] <esis_user on esis_sdw> HINT:  Use the escape string syntax for escapes, e.g., E'\r\n'.
[2013-04-30 18:04:35 UTC] <esis_user on esis_sdw> WARNING:  nonstandard use of \\ in a string literal at character 96
[2013-04-30 18:04:35 UTC] <esis_user on esis_sdw> HINT:  Use the escape string syntax for backslashes, e.g., E'\\'.
[2013-04-30 18:04:35 UTC] <esis_user on esis_sdw> WARNING:  nonstandard use of \\ in a string literal at character 644
[2013-04-30 18:04:35 UTC] <esis_user on esis_sdw> HINT:  Use the escape string syntax for backslashes, e.g., E'\\'.
[2013-04-30 19:04:45 UTC] <esis_user on esis_sdw> WARNING:  nonstandard use of escape in a string literal at character 37
[2013-04-30 19:04:45 UTC] <esis_user on esis_sdw> HINT:  Use the escape string syntax for escapes, e.g., E'\r\n'.
[2013-04-30 19:04:45 UTC] <esis_user on esis_sdw> WARNING:  nonstandard use of escape in a string literal at character 562
[2013-04-30 19:04:45 UTC] <esis_user on esis_sdw> HINT:  Use the escape string syntax for escapes, e.g., E'\r\n'.
[2013-04-30 19:04:45 UTC] <esis_user on esis_sdw> WARNING:  nonstandard use of escape in a string literal at character 927
[2013-04-30 19:04:45 UTC] <esis_user on esis_sdw> HINT:  Use the escape string syntax for escapes, e.g., E'\r\n'.
[2013-04-30 19:04:45 UTC] <esis_user on esis_sdw> WARNING:  nonstandard use of escape in a string literal at character 1058
[2013-04-30 19:04:45 UTC] <esis_user on esis_sdw> HINT:  Use the escape string syntax for escapes, e.g., E'\r\n'.
[2013-04-30 19:04:53 UTC] <esis_user on esis_sdw> WARNING:  nonstandard use of \\ in a string literal at character 96
[2013-04-30 19:04:53 UTC] <esis_user on esis_sdw> HINT:  Use the escape string syntax for backslashes, e.g., E'\\'.
[2013-04-30 19:04:53 UTC] <esis_user on esis_sdw> WARNING:  nonstandard use of \\ in a string literal at character 644
[2013-04-30 19:04:53 UTC] <esis_user on esis_sdw> HINT:  Use the escape string syntax for backslashes, e.g., E'\\'.
