[2013-04-26 05:27:33 UTC] <esis_user on esis_sdw> WARNING:  nonstandard use of escape in a string literal at character 37
[2013-04-26 05:27:33 UTC] <esis_user on esis_sdw> HINT:  Use the escape string syntax for escapes, e.g., E'\r\n'.
[2013-04-26 05:27:33 UTC] <esis_user on esis_sdw> WARNING:  nonstandard use of escape in a string literal at character 562
[2013-04-26 05:27:33 UTC] <esis_user on esis_sdw> HINT:  Use the escape string syntax for escapes, e.g., E'\r\n'.
[2013-04-26 05:27:33 UTC] <esis_user on esis_sdw> WARNING:  nonstandard use of escape in a string literal at character 927
[2013-04-26 05:27:33 UTC] <esis_user on esis_sdw> HINT:  Use the escape string syntax for escapes, e.g., E'\r\n'.
[2013-04-26 05:27:33 UTC] <esis_user on esis_sdw> WARNING:  nonstandard use of escape in a string literal at character 1058
[2013-04-26 05:27:33 UTC] <esis_user on esis_sdw> HINT:  Use the escape string syntax for escapes, e.g., E'\r\n'.
[2013-04-26 05:27:43 UTC] <esis_user on esis_sdw> WARNING:  nonstandard use of \\ in a string literal at character 96
[2013-04-26 05:27:43 UTC] <esis_user on esis_sdw> HINT:  Use the escape string syntax for backslashes, e.g., E'\\'.
[2013-04-26 05:27:43 UTC] <esis_user on esis_sdw> WARNING:  nonstandard use of \\ in a string literal at character 644
[2013-04-26 05:27:43 UTC] <esis_user on esis_sdw> HINT:  Use the escape string syntax for backslashes, e.g., E'\\'.
[2013-04-26 05:29:43 UTC] <esis_user on esis_sdw> WARNING:  nonstandard use of escape in a string literal at character 37
[2013-04-26 05:29:43 UTC] <esis_user on esis_sdw> HINT:  Use the escape string syntax for escapes, e.g., E'\r\n'.
[2013-04-26 05:29:43 UTC] <esis_user on esis_sdw> WARNING:  nonstandard use of escape in a string literal at character 562
[2013-04-26 05:29:43 UTC] <esis_user on esis_sdw> HINT:  Use the escape string syntax for escapes, e.g., E'\r\n'.
[2013-04-26 05:29:43 UTC] <esis_user on esis_sdw> WARNING:  nonstandard use of escape in a string literal at character 927
[2013-04-26 05:29:43 UTC] <esis_user on esis_sdw> HINT:  Use the escape string syntax for escapes, e.g., E'\r\n'.
[2013-04-26 05:29:43 UTC] <esis_user on esis_sdw> WARNING:  nonstandard use of escape in a string literal at character 1058
[2013-04-26 05:29:43 UTC] <esis_user on esis_sdw> HINT:  Use the escape string syntax for escapes, e.g., E'\r\n'.
[2013-04-26 06:20:09 UTC] <esis_user on esis_sdw> WARNING:  nonstandard use of escape in a string literal at character 37
[2013-04-26 06:20:09 UTC] <esis_user on esis_sdw> HINT:  Use the escape string syntax for escapes, e.g., E'\r\n'.
[2013-04-26 06:20:09 UTC] <esis_user on esis_sdw> WARNING:  nonstandard use of escape in a string literal at character 562
[2013-04-26 06:20:09 UTC] <esis_user on esis_sdw> HINT:  Use the escape string syntax for escapes, e.g., E'\r\n'.
[2013-04-26 06:20:09 UTC] <esis_user on esis_sdw> WARNING:  nonstandard use of escape in a string literal at character 927
[2013-04-26 06:20:09 UTC] <esis_user on esis_sdw> HINT:  Use the escape string syntax for escapes, e.g., E'\r\n'.
[2013-04-26 06:20:09 UTC] <esis_user on esis_sdw> WARNING:  nonstandard use of escape in a string literal at character 1058
[2013-04-26 06:20:09 UTC] <esis_user on esis_sdw> HINT:  Use the escape string syntax for escapes, e.g., E'\r\n'.
[2013-04-26 06:20:16 UTC] <esis_user on esis_sdw> WARNING:  nonstandard use of \\ in a string literal at character 96
[2013-04-26 06:20:16 UTC] <esis_user on esis_sdw> HINT:  Use the escape string syntax for backslashes, e.g., E'\\'.
[2013-04-26 06:20:16 UTC] <esis_user on esis_sdw> WARNING:  nonstandard use of \\ in a string literal at character 644
[2013-04-26 06:20:16 UTC] <esis_user on esis_sdw> HINT:  Use the escape string syntax for backslashes, e.g., E'\\'.
[2013-04-26 06:22:06 UTC] <esis_user on esis_sdw> WARNING:  nonstandard use of escape in a string literal at character 37
[2013-04-26 06:22:06 UTC] <esis_user on esis_sdw> HINT:  Use the escape string syntax for escapes, e.g., E'\r\n'.
[2013-04-26 06:22:06 UTC] <esis_user on esis_sdw> WARNING:  nonstandard use of escape in a string literal at character 562
[2013-04-26 06:22:06 UTC] <esis_user on esis_sdw> HINT:  Use the escape string syntax for escapes, e.g., E'\r\n'.
[2013-04-26 06:22:06 UTC] <esis_user on esis_sdw> WARNING:  nonstandard use of escape in a string literal at character 927
[2013-04-26 06:22:06 UTC] <esis_user on esis_sdw> HINT:  Use the escape string syntax for escapes, e.g., E'\r\n'.
[2013-04-26 06:22:06 UTC] <esis_user on esis_sdw> WARNING:  nonstandard use of escape in a string literal at character 1058
[2013-04-26 06:22:06 UTC] <esis_user on esis_sdw> HINT:  Use the escape string syntax for escapes, e.g., E'\r\n'.
[2013-04-26 09:06:57 UTC] < on > LOG:  received fast shutdown request
[2013-04-26 09:06:57 UTC] < on > LOG:  aborting any active transactions
[2013-04-26 09:06:57 UTC] <esis_user on esis_sdw> FATAL:  terminating connection due to administrator command
[2013-04-26 09:06:57 UTC] <esis_user on esis_sdw> FATAL:  terminating connection due to administrator command
[2013-04-26 09:06:57 UTC] <esis_user on esis_sdw> FATAL:  terminating connection due to administrator command
[2013-04-26 09:06:57 UTC] <esis_user on esis_sdw> FATAL:  terminating connection due to administrator command
[2013-04-26 09:06:57 UTC] <esis_user on esis_sdw> FATAL:  terminating connection due to administrator command
[2013-04-26 09:06:57 UTC] <esis_user on esis_sdw> FATAL:  terminating connection due to administrator command
[2013-04-26 09:06:57 UTC] < on > LOG:  autovacuum launcher shutting down
[2013-04-26 09:06:57 UTC] < on > LOG:  shutting down
[2013-04-26 09:06:57 UTC] < on > LOG:  database system is shut down
[2013-04-26 09:18:51 UTC] < on > LOG:  database system was shut down at 2013-04-26 09:06:57 UTC
[2013-04-26 09:18:51 UTC] < on > LOG:  database system is ready to accept connections
[2013-04-26 09:18:51 UTC] < on > LOG:  autovacuum launcher started
[2013-04-26 09:25:21 UTC] <esis_user on esis_sdw> WARNING:  nonstandard use of escape in a string literal at character 37
[2013-04-26 09:25:21 UTC] <esis_user on esis_sdw> HINT:  Use the escape string syntax for escapes, e.g., E'\r\n'.
[2013-04-26 09:25:21 UTC] <esis_user on esis_sdw> WARNING:  nonstandard use of escape in a string literal at character 562
[2013-04-26 09:25:21 UTC] <esis_user on esis_sdw> HINT:  Use the escape string syntax for escapes, e.g., E'\r\n'.
[2013-04-26 09:25:21 UTC] <esis_user on esis_sdw> WARNING:  nonstandard use of escape in a string literal at character 927
[2013-04-26 09:25:21 UTC] <esis_user on esis_sdw> HINT:  Use the escape string syntax for escapes, e.g., E'\r\n'.
[2013-04-26 09:25:21 UTC] <esis_user on esis_sdw> WARNING:  nonstandard use of escape in a string literal at character 1058
[2013-04-26 09:25:21 UTC] <esis_user on esis_sdw> HINT:  Use the escape string syntax for escapes, e.g., E'\r\n'.
[2013-04-26 09:27:48 UTC] <esis_user on esis_sdw> WARNING:  nonstandard use of escape in a string literal at character 37
[2013-04-26 09:27:48 UTC] <esis_user on esis_sdw> HINT:  Use the escape string syntax for escapes, e.g., E'\r\n'.
[2013-04-26 09:27:48 UTC] <esis_user on esis_sdw> WARNING:  nonstandard use of escape in a string literal at character 562
[2013-04-26 09:27:48 UTC] <esis_user on esis_sdw> HINT:  Use the escape string syntax for escapes, e.g., E'\r\n'.
[2013-04-26 09:27:48 UTC] <esis_user on esis_sdw> WARNING:  nonstandard use of escape in a string literal at character 927
[2013-04-26 09:27:48 UTC] <esis_user on esis_sdw> HINT:  Use the escape string syntax for escapes, e.g., E'\r\n'.
[2013-04-26 09:27:48 UTC] <esis_user on esis_sdw> WARNING:  nonstandard use of escape in a string literal at character 1058
[2013-04-26 09:27:48 UTC] <esis_user on esis_sdw> HINT:  Use the escape string syntax for escapes, e.g., E'\r\n'.
[2013-04-26 09:28:49 UTC] <esis_user on esis_sdw> WARNING:  nonstandard use of escape in a string literal at character 37
[2013-04-26 09:28:49 UTC] <esis_user on esis_sdw> HINT:  Use the escape string syntax for escapes, e.g., E'\r\n'.
[2013-04-26 09:28:49 UTC] <esis_user on esis_sdw> WARNING:  nonstandard use of escape in a string literal at character 562
[2013-04-26 09:28:49 UTC] <esis_user on esis_sdw> HINT:  Use the escape string syntax for escapes, e.g., E'\r\n'.
[2013-04-26 09:28:49 UTC] <esis_user on esis_sdw> WARNING:  nonstandard use of escape in a string literal at character 927
[2013-04-26 09:28:49 UTC] <esis_user on esis_sdw> HINT:  Use the escape string syntax for escapes, e.g., E'\r\n'.
[2013-04-26 09:28:49 UTC] <esis_user on esis_sdw> WARNING:  nonstandard use of escape in a string literal at character 1058
[2013-04-26 09:28:49 UTC] <esis_user on esis_sdw> HINT:  Use the escape string syntax for escapes, e.g., E'\r\n'.
[2013-04-26 09:29:56 UTC] <esis_user on esis_sdw> WARNING:  nonstandard use of escape in a string literal at character 37
[2013-04-26 09:29:56 UTC] <esis_user on esis_sdw> HINT:  Use the escape string syntax for escapes, e.g., E'\r\n'.
[2013-04-26 09:29:56 UTC] <esis_user on esis_sdw> WARNING:  nonstandard use of escape in a string literal at character 562
[2013-04-26 09:29:56 UTC] <esis_user on esis_sdw> HINT:  Use the escape string syntax for escapes, e.g., E'\r\n'.
[2013-04-26 09:29:56 UTC] <esis_user on esis_sdw> WARNING:  nonstandard use of escape in a string literal at character 927
[2013-04-26 09:29:56 UTC] <esis_user on esis_sdw> HINT:  Use the escape string syntax for escapes, e.g., E'\r\n'.
[2013-04-26 09:29:56 UTC] <esis_user on esis_sdw> WARNING:  nonstandard use of escape in a string literal at character 1058
[2013-04-26 09:29:56 UTC] <esis_user on esis_sdw> HINT:  Use the escape string syntax for escapes, e.g., E'\r\n'.
[2013-04-26 09:30:16 UTC] <esis_user on esis_sdw> WARNING:  nonstandard use of escape in a string literal at character 37
[2013-04-26 09:30:16 UTC] <esis_user on esis_sdw> HINT:  Use the escape string syntax for escapes, e.g., E'\r\n'.
[2013-04-26 09:30:16 UTC] <esis_user on esis_sdw> WARNING:  nonstandard use of escape in a string literal at character 562
[2013-04-26 09:30:16 UTC] <esis_user on esis_sdw> HINT:  Use the escape string syntax for escapes, e.g., E'\r\n'.
[2013-04-26 09:30:16 UTC] <esis_user on esis_sdw> WARNING:  nonstandard use of escape in a string literal at character 927
[2013-04-26 09:30:16 UTC] <esis_user on esis_sdw> HINT:  Use the escape string syntax for escapes, e.g., E'\r\n'.
[2013-04-26 09:30:16 UTC] <esis_user on esis_sdw> WARNING:  nonstandard use of escape in a string literal at character 1058
[2013-04-26 09:30:16 UTC] <esis_user on esis_sdw> HINT:  Use the escape string syntax for escapes, e.g., E'\r\n'.
[2013-04-26 09:58:42 UTC] <esis_user on esis_sdw> WARNING:  nonstandard use of escape in a string literal at character 37
[2013-04-26 09:58:42 UTC] <esis_user on esis_sdw> HINT:  Use the escape string syntax for escapes, e.g., E'\r\n'.
[2013-04-26 09:58:42 UTC] <esis_user on esis_sdw> WARNING:  nonstandard use of escape in a string literal at character 562
[2013-04-26 09:58:42 UTC] <esis_user on esis_sdw> HINT:  Use the escape string syntax for escapes, e.g., E'\r\n'.
[2013-04-26 09:58:42 UTC] <esis_user on esis_sdw> WARNING:  nonstandard use of escape in a string literal at character 927
[2013-04-26 09:58:42 UTC] <esis_user on esis_sdw> HINT:  Use the escape string syntax for escapes, e.g., E'\r\n'.
[2013-04-26 09:58:42 UTC] <esis_user on esis_sdw> WARNING:  nonstandard use of escape in a string literal at character 1058
[2013-04-26 09:58:42 UTC] <esis_user on esis_sdw> HINT:  Use the escape string syntax for escapes, e.g., E'\r\n'.
[2013-04-26 11:17:22 UTC] <esis_user on esis_sdw> WARNING:  nonstandard use of escape in a string literal at character 37
[2013-04-26 11:17:22 UTC] <esis_user on esis_sdw> HINT:  Use the escape string syntax for escapes, e.g., E'\r\n'.
[2013-04-26 11:17:22 UTC] <esis_user on esis_sdw> WARNING:  nonstandard use of escape in a string literal at character 562
[2013-04-26 11:17:22 UTC] <esis_user on esis_sdw> HINT:  Use the escape string syntax for escapes, e.g., E'\r\n'.
[2013-04-26 11:17:22 UTC] <esis_user on esis_sdw> WARNING:  nonstandard use of escape in a string literal at character 927
[2013-04-26 11:17:22 UTC] <esis_user on esis_sdw> HINT:  Use the escape string syntax for escapes, e.g., E'\r\n'.
[2013-04-26 11:17:22 UTC] <esis_user on esis_sdw> WARNING:  nonstandard use of escape in a string literal at character 1058
[2013-04-26 11:17:22 UTC] <esis_user on esis_sdw> HINT:  Use the escape string syntax for escapes, e.g., E'\r\n'.
[2013-04-26 11:40:35 UTC] <esis_user on esis_sdw> WARNING:  nonstandard use of escape in a string literal at character 37
[2013-04-26 11:40:35 UTC] <esis_user on esis_sdw> HINT:  Use the escape string syntax for escapes, e.g., E'\r\n'.
[2013-04-26 11:40:35 UTC] <esis_user on esis_sdw> WARNING:  nonstandard use of escape in a string literal at character 562
[2013-04-26 11:40:35 UTC] <esis_user on esis_sdw> HINT:  Use the escape string syntax for escapes, e.g., E'\r\n'.
[2013-04-26 11:40:35 UTC] <esis_user on esis_sdw> WARNING:  nonstandard use of escape in a string literal at character 927
[2013-04-26 11:40:35 UTC] <esis_user on esis_sdw> HINT:  Use the escape string syntax for escapes, e.g., E'\r\n'.
[2013-04-26 11:40:35 UTC] <esis_user on esis_sdw> WARNING:  nonstandard use of escape in a string literal at character 1058
[2013-04-26 11:40:35 UTC] <esis_user on esis_sdw> HINT:  Use the escape string syntax for escapes, e.g., E'\r\n'.
[2013-04-26 12:01:34 UTC] <esis_user on esis_sdw> WARNING:  nonstandard use of escape in a string literal at character 37
[2013-04-26 12:01:34 UTC] <esis_user on esis_sdw> HINT:  Use the escape string syntax for escapes, e.g., E'\r\n'.
[2013-04-26 12:01:34 UTC] <esis_user on esis_sdw> WARNING:  nonstandard use of escape in a string literal at character 562
[2013-04-26 12:01:34 UTC] <esis_user on esis_sdw> HINT:  Use the escape string syntax for escapes, e.g., E'\r\n'.
[2013-04-26 12:01:34 UTC] <esis_user on esis_sdw> WARNING:  nonstandard use of escape in a string literal at character 927
[2013-04-26 12:01:34 UTC] <esis_user on esis_sdw> HINT:  Use the escape string syntax for escapes, e.g., E'\r\n'.
[2013-04-26 12:01:34 UTC] <esis_user on esis_sdw> WARNING:  nonstandard use of escape in a string literal at character 1058
[2013-04-26 12:01:34 UTC] <esis_user on esis_sdw> HINT:  Use the escape string syntax for escapes, e.g., E'\r\n'.
[2013-04-26 12:02:18 UTC] <esis_user on esis_sdw> WARNING:  nonstandard use of escape in a string literal at character 37
[2013-04-26 12:02:18 UTC] <esis_user on esis_sdw> HINT:  Use the escape string syntax for escapes, e.g., E'\r\n'.
[2013-04-26 12:02:18 UTC] <esis_user on esis_sdw> WARNING:  nonstandard use of escape in a string literal at character 562
[2013-04-26 12:02:18 UTC] <esis_user on esis_sdw> HINT:  Use the escape string syntax for escapes, e.g., E'\r\n'.
[2013-04-26 12:02:18 UTC] <esis_user on esis_sdw> WARNING:  nonstandard use of escape in a string literal at character 927
[2013-04-26 12:02:18 UTC] <esis_user on esis_sdw> HINT:  Use the escape string syntax for escapes, e.g., E'\r\n'.
[2013-04-26 12:02:18 UTC] <esis_user on esis_sdw> WARNING:  nonstandard use of escape in a string literal at character 1058
[2013-04-26 12:02:18 UTC] <esis_user on esis_sdw> HINT:  Use the escape string syntax for escapes, e.g., E'\r\n'.
[2013-04-26 12:17:29 UTC] < on > LOG:  received fast shutdown request
[2013-04-26 12:17:29 UTC] < on > LOG:  aborting any active transactions
[2013-04-26 12:17:29 UTC] <esis_user on esis_sdw> FATAL:  terminating connection due to administrator command
[2013-04-26 12:17:29 UTC] <esis_user on esis_sdw> FATAL:  terminating connection due to administrator command
[2013-04-26 12:17:29 UTC] <esis_user on esis_sdw> FATAL:  terminating connection due to administrator command
[2013-04-26 12:17:29 UTC] <esis_user on esis_sdw> FATAL:  terminating connection due to administrator command
[2013-04-26 12:17:29 UTC] <esis_user on esis_sdw> FATAL:  terminating connection due to administrator command
[2013-04-26 12:17:29 UTC] < on > LOG:  autovacuum launcher shutting down
[2013-04-26 12:17:29 UTC] < on > LOG:  shutting down
[2013-04-26 12:17:29 UTC] < on > LOG:  database system is shut down
[2013-04-26 12:18:38 UTC] < on > LOG:  database system was shut down at 2013-04-26 12:17:29 UTC
[2013-04-26 12:18:38 UTC] < on > LOG:  database system is ready to accept connections
[2013-04-26 12:18:38 UTC] < on > LOG:  autovacuum launcher started
[2013-04-26 12:24:03 UTC] <esis_user on esis_sdw> WARNING:  nonstandard use of escape in a string literal at character 37
[2013-04-26 12:24:03 UTC] <esis_user on esis_sdw> HINT:  Use the escape string syntax for escapes, e.g., E'\r\n'.
[2013-04-26 12:24:03 UTC] <esis_user on esis_sdw> WARNING:  nonstandard use of escape in a string literal at character 562
[2013-04-26 12:24:03 UTC] <esis_user on esis_sdw> HINT:  Use the escape string syntax for escapes, e.g., E'\r\n'.
[2013-04-26 12:24:03 UTC] <esis_user on esis_sdw> WARNING:  nonstandard use of escape in a string literal at character 927
[2013-04-26 12:24:03 UTC] <esis_user on esis_sdw> HINT:  Use the escape string syntax for escapes, e.g., E'\r\n'.
[2013-04-26 12:24:03 UTC] <esis_user on esis_sdw> WARNING:  nonstandard use of escape in a string literal at character 1058
[2013-04-26 12:24:03 UTC] <esis_user on esis_sdw> HINT:  Use the escape string syntax for escapes, e.g., E'\r\n'.
[2013-04-26 15:33:07 UTC] < on > LOG:  received fast shutdown request
[2013-04-26 15:33:07 UTC] < on > LOG:  aborting any active transactions
[2013-04-26 15:33:07 UTC] <esis_user on esis_sdw> FATAL:  terminating connection due to administrator command
[2013-04-26 15:33:07 UTC] <esis_user on esis_sdw> FATAL:  terminating connection due to administrator command
[2013-04-26 15:33:07 UTC] <esis_user on esis_sdw> FATAL:  terminating connection due to administrator command
[2013-04-26 15:33:07 UTC] <esis_user on esis_sdw> FATAL:  terminating connection due to administrator command
[2013-04-26 15:33:07 UTC] <esis_user on esis_sdw> FATAL:  terminating connection due to administrator command
[2013-04-26 15:33:07 UTC] < on > LOG:  autovacuum launcher shutting down
[2013-04-26 15:33:07 UTC] < on > LOG:  shutting down
[2013-04-26 15:33:07 UTC] < on > LOG:  database system is shut down
[2013-04-26 15:33:21 UTC] < on > LOG:  database system was shut down at 2013-04-26 15:33:07 UTC
[2013-04-26 15:33:21 UTC] < on > LOG:  database system is ready to accept connections
[2013-04-26 15:33:21 UTC] < on > LOG:  autovacuum launcher started
[2013-04-26 15:40:45 UTC] <esis_user on esis_sdw> WARNING:  nonstandard use of escape in a string literal at character 37
[2013-04-26 15:40:45 UTC] <esis_user on esis_sdw> HINT:  Use the escape string syntax for escapes, e.g., E'\r\n'.
[2013-04-26 15:40:45 UTC] <esis_user on esis_sdw> WARNING:  nonstandard use of escape in a string literal at character 562
[2013-04-26 15:40:45 UTC] <esis_user on esis_sdw> HINT:  Use the escape string syntax for escapes, e.g., E'\r\n'.
[2013-04-26 15:40:45 UTC] <esis_user on esis_sdw> WARNING:  nonstandard use of escape in a string literal at character 927
[2013-04-26 15:40:45 UTC] <esis_user on esis_sdw> HINT:  Use the escape string syntax for escapes, e.g., E'\r\n'.
[2013-04-26 15:40:45 UTC] <esis_user on esis_sdw> WARNING:  nonstandard use of escape in a string literal at character 1058
[2013-04-26 15:40:45 UTC] <esis_user on esis_sdw> HINT:  Use the escape string syntax for escapes, e.g., E'\r\n'.
[2013-04-26 15:42:46 UTC] <esis_user on esis_sdw> WARNING:  nonstandard use of \\ in a string literal at character 96
[2013-04-26 15:42:46 UTC] <esis_user on esis_sdw> HINT:  Use the escape string syntax for backslashes, e.g., E'\\'.
[2013-04-26 15:42:46 UTC] <esis_user on esis_sdw> WARNING:  nonstandard use of \\ in a string literal at character 644
[2013-04-26 15:42:46 UTC] <esis_user on esis_sdw> HINT:  Use the escape string syntax for backslashes, e.g., E'\\'.
[2013-04-26 15:44:45 UTC] < on > LOG:  received fast shutdown request
[2013-04-26 15:44:45 UTC] < on > LOG:  aborting any active transactions
[2013-04-26 15:44:45 UTC] <esis_user on esis_sdw> FATAL:  terminating connection due to administrator command
[2013-04-26 15:44:45 UTC] <esis_user on esis_sdw> FATAL:  terminating connection due to administrator command
[2013-04-26 15:44:45 UTC] <esis_user on esis_sdw> FATAL:  terminating connection due to administrator command
[2013-04-26 15:44:45 UTC] < on > LOG:  autovacuum launcher shutting down
[2013-04-26 15:44:45 UTC] < on > LOG:  shutting down
[2013-04-26 15:44:45 UTC] < on > LOG:  database system is shut down
[2013-04-26 15:45:05 UTC] < on > LOG:  database system was shut down at 2013-04-26 15:44:45 UTC
[2013-04-26 15:45:05 UTC] < on > LOG:  database system is ready to accept connections
[2013-04-26 15:45:05 UTC] < on > LOG:  autovacuum launcher started
[2013-04-26 15:48:44 UTC] <esis_user on esis_sdw> WARNING:  nonstandard use of escape in a string literal at character 37
[2013-04-26 15:48:44 UTC] <esis_user on esis_sdw> HINT:  Use the escape string syntax for escapes, e.g., E'\r\n'.
[2013-04-26 15:48:44 UTC] <esis_user on esis_sdw> WARNING:  nonstandard use of escape in a string literal at character 562
[2013-04-26 15:48:44 UTC] <esis_user on esis_sdw> HINT:  Use the escape string syntax for escapes, e.g., E'\r\n'.
[2013-04-26 15:48:44 UTC] <esis_user on esis_sdw> WARNING:  nonstandard use of escape in a string literal at character 927
[2013-04-26 15:48:44 UTC] <esis_user on esis_sdw> HINT:  Use the escape string syntax for escapes, e.g., E'\r\n'.
[2013-04-26 15:48:44 UTC] <esis_user on esis_sdw> WARNING:  nonstandard use of escape in a string literal at character 1058
[2013-04-26 15:48:44 UTC] <esis_user on esis_sdw> HINT:  Use the escape string syntax for escapes, e.g., E'\r\n'.
