[2013-05-03 03:49:16 UTC] < on > LOG:  received fast shutdown request
[2013-05-03 03:49:16 UTC] < on > LOG:  aborting any active transactions
[2013-05-03 03:49:16 UTC] <esis_user on esis_sdw> FATAL:  terminating connection due to administrator command
[2013-05-03 03:49:16 UTC] <esis_user on esis_sdw> FATAL:  terminating connection due to administrator command
[2013-05-03 03:49:16 UTC] <esis_user on esis_sdw> FATAL:  terminating connection due to administrator command
[2013-05-03 03:49:16 UTC] <esis_user on esis_sdw> FATAL:  terminating connection due to administrator command
[2013-05-03 03:49:16 UTC] <esis_user on esis_sdw> FATAL:  terminating connection due to administrator command
[2013-05-03 03:49:16 UTC] <esis_user on esis_sdw> FATAL:  terminating connection due to administrator command
[2013-05-03 03:49:16 UTC] <esis_user on esis_sdw> FATAL:  terminating connection due to administrator command
[2013-05-03 03:49:16 UTC] < on > LOG:  autovacuum launcher shutting down
[2013-05-03 03:49:16 UTC] < on > LOG:  shutting down
[2013-05-03 03:49:16 UTC] < on > LOG:  database system is shut down
[2013-05-03 03:55:02 UTC] < on > LOG:  database system was shut down at 2013-05-03 03:49:16 UTC
[2013-05-03 03:55:03 UTC] < on > LOG:  database system is ready to accept connections
[2013-05-03 03:55:03 UTC] < on > LOG:  autovacuum launcher started
[2013-05-03 04:04:21 UTC] <esis_user on esis_sdw> WARNING:  nonstandard use of escape in a string literal at character 37
[2013-05-03 04:04:21 UTC] <esis_user on esis_sdw> HINT:  Use the escape string syntax for escapes, e.g., E'\r\n'.
[2013-05-03 04:04:21 UTC] <esis_user on esis_sdw> WARNING:  nonstandard use of escape in a string literal at character 562
[2013-05-03 04:04:21 UTC] <esis_user on esis_sdw> HINT:  Use the escape string syntax for escapes, e.g., E'\r\n'.
[2013-05-03 04:04:21 UTC] <esis_user on esis_sdw> WARNING:  nonstandard use of escape in a string literal at character 927
[2013-05-03 04:04:21 UTC] <esis_user on esis_sdw> HINT:  Use the escape string syntax for escapes, e.g., E'\r\n'.
[2013-05-03 04:04:21 UTC] <esis_user on esis_sdw> WARNING:  nonstandard use of escape in a string literal at character 1058
[2013-05-03 04:04:21 UTC] <esis_user on esis_sdw> HINT:  Use the escape string syntax for escapes, e.g., E'\r\n'.
[2013-05-03 05:45:21 UTC] <esis_user on esis_sdw> WARNING:  nonstandard use of escape in a string literal at character 37
[2013-05-03 05:45:21 UTC] <esis_user on esis_sdw> HINT:  Use the escape string syntax for escapes, e.g., E'\r\n'.
[2013-05-03 05:45:21 UTC] <esis_user on esis_sdw> WARNING:  nonstandard use of escape in a string literal at character 562
[2013-05-03 05:45:21 UTC] <esis_user on esis_sdw> HINT:  Use the escape string syntax for escapes, e.g., E'\r\n'.
[2013-05-03 05:45:21 UTC] <esis_user on esis_sdw> WARNING:  nonstandard use of escape in a string literal at character 927
[2013-05-03 05:45:21 UTC] <esis_user on esis_sdw> HINT:  Use the escape string syntax for escapes, e.g., E'\r\n'.
[2013-05-03 05:45:21 UTC] <esis_user on esis_sdw> WARNING:  nonstandard use of escape in a string literal at character 1058
[2013-05-03 05:45:21 UTC] <esis_user on esis_sdw> HINT:  Use the escape string syntax for escapes, e.g., E'\r\n'.
[2013-05-03 06:19:53 UTC] <esis_user on esis_sdw> WARNING:  nonstandard use of escape in a string literal at character 37
[2013-05-03 06:19:53 UTC] <esis_user on esis_sdw> HINT:  Use the escape string syntax for escapes, e.g., E'\r\n'.
[2013-05-03 06:19:53 UTC] <esis_user on esis_sdw> WARNING:  nonstandard use of escape in a string literal at character 562
[2013-05-03 06:19:53 UTC] <esis_user on esis_sdw> HINT:  Use the escape string syntax for escapes, e.g., E'\r\n'.
[2013-05-03 06:19:53 UTC] <esis_user on esis_sdw> WARNING:  nonstandard use of escape in a string literal at character 927
[2013-05-03 06:19:53 UTC] <esis_user on esis_sdw> HINT:  Use the escape string syntax for escapes, e.g., E'\r\n'.
[2013-05-03 06:19:53 UTC] <esis_user on esis_sdw> WARNING:  nonstandard use of escape in a string literal at character 1058
[2013-05-03 06:19:53 UTC] <esis_user on esis_sdw> HINT:  Use the escape string syntax for escapes, e.g., E'\r\n'.
[2013-05-03 07:44:48 UTC] <esis_user on esis_sdw> WARNING:  nonstandard use of escape in a string literal at character 37
[2013-05-03 07:44:48 UTC] <esis_user on esis_sdw> HINT:  Use the escape string syntax for escapes, e.g., E'\r\n'.
[2013-05-03 07:44:48 UTC] <esis_user on esis_sdw> WARNING:  nonstandard use of escape in a string literal at character 562
[2013-05-03 07:44:48 UTC] <esis_user on esis_sdw> HINT:  Use the escape string syntax for escapes, e.g., E'\r\n'.
[2013-05-03 07:44:48 UTC] <esis_user on esis_sdw> WARNING:  nonstandard use of escape in a string literal at character 927
[2013-05-03 07:44:48 UTC] <esis_user on esis_sdw> HINT:  Use the escape string syntax for escapes, e.g., E'\r\n'.
[2013-05-03 07:44:48 UTC] <esis_user on esis_sdw> WARNING:  nonstandard use of escape in a string literal at character 1058
[2013-05-03 07:44:48 UTC] <esis_user on esis_sdw> HINT:  Use the escape string syntax for escapes, e.g., E'\r\n'.
